<?xml version="1.0" encoding="UTF-8"?>
<testng-results ignored="0" total="33" passed="33" failed="0" skipped="0">
  <reporter-output>
  </reporter-output>
  <suite started-at="2026-03-28T13:43:26 PDT" name="Selenium Test Suite" finished-at="2026-03-28T13:45:53 PDT" duration-ms="146690">
    <groups>
    </groups>
    <test started-at="2026-03-28T13:43:26 PDT" name="chrome" finished-at="2026-03-28T13:44:05 PDT" duration-ms="39021">
      <class name="tests.Test_Table_NoData">
        <test-method is-config="true" signature="init_Driver(java.lang.String)[pri:0, instance:tests.Test_Table_NoData@37afeb11]" started-at="2026-03-28T13:43:52 PDT" name="init_Driver" finished-at="2026-03-28T13:43:53 PDT" duration-ms="1051" status="PASS">
          <params>
            <param index="0">
              <value>
                <![CDATA[chrome]]>
              </value>
            </param>
          </params>
          <reporter-output>
          </reporter-output>
        </test-method> <!-- init_Driver -->
        <test-method signature="test_noData()[pri:0, instance:tests.Test_Table_NoData@37afeb11]" started-at="2026-03-28T13:43:53 PDT" name="test_noData" finished-at="2026-03-28T13:43:56 PDT" duration-ms="2696" status="PASS">
          <reporter-output>
          </reporter-output>
        </test-method> <!-- test_noData -->
        <test-method is-config="true" signature="tearDown()[pri:0, instance:tests.Test_Table_NoData@37afeb11]" started-at="2026-03-28T13:43:56 PDT" name="tearDown" finished-at="2026-03-28T13:43:56 PDT" duration-ms="152" status="PASS">
          <reporter-output>
          </reporter-output>
        </test-method> <!-- tearDown -->
      </class> <!-- tests.Test_Table_NoData -->
      <class name="tests.Test_Min_Enrollments">
        <test-method is-config="true" signature="init_Driver(java.lang.String)[pri:0, instance:tests.Test_Min_Enrollments@6d763516]" started-at="2026-03-28T13:43:44 PDT" name="init_Driver" finished-at="2026-03-28T13:43:45 PDT" duration-ms="1053" status="PASS">
          <params>
            <param index="0">
              <value>
                <![CDATA[chrome]]>
              </value>
            </param>
          </params>
          <reporter-output>
          </reporter-output>
        </test-method> <!-- init_Driver -->
        <test-method signature="test_Min_Enrollments()[pri:0, instance:tests.Test_Min_Enrollments@6d763516]" started-at="2026-03-28T13:43:45 PDT" name="test_Min_Enrollments" finished-at="2026-03-28T13:43:48 PDT" duration-ms="2616" status="PASS">
          <reporter-output>
          </reporter-output>
        </test-method> <!-- test_Min_Enrollments -->
        <test-method is-config="true" signature="tearDown()[pri:0, instance:tests.Test_Min_Enrollments@6d763516]" started-at="2026-03-28T13:43:48 PDT" name="tearDown" finished-at="2026-03-28T13:43:48 PDT" duration-ms="168" status="PASS">
          <reporter-output>
          </reporter-output>
        </test-method> <!-- tearDown -->
      </class> <!-- tests.Test_Min_Enrollments -->
      <class name="tests.Test_Valid_Login">
        <test-method is-config="true" signature="init_Driver(java.lang.String)[pri:0, instance:tests.Test_Valid_Login@6572421]" started-at="2026-03-28T13:43:31 PDT" name="init_Driver" finished-at="2026-03-28T13:43:32 PDT" duration-ms="1073" status="PASS">
          <params>
            <param index="0">
              <value>
                <![CDATA[chrome]]>
              </value>
            </param>
          </params>
          <reporter-output>
          </reporter-output>
        </test-method> <!-- init_Driver -->
        <test-method signature="test_valid_login(java.lang.String,java.lang.String,java.lang.String)[pri:0, instance:tests.Test_Valid_Login@6572421]" started-at="2026-03-28T13:43:32 PDT" name="test_valid_login" data-provider="valid_login" finished-at="2026-03-28T13:43:36 PDT" duration-ms="3172" status="PASS">
          <params>
            <param index="0">
              <value>
                <![CDATA[student]]>
              </value>
            </param>
            <param index="1">
              <value>
                <![CDATA[Password123]]>
              </value>
            </param>
            <param index="2">
              <value>
                <![CDATA[Congratulations]]>
              </value>
            </param>
          </params>
          <reporter-output>
          </reporter-output>
        </test-method> <!-- test_valid_login -->
        <test-method is-config="true" signature="tearDown()[pri:0, instance:tests.Test_Valid_Login@6572421]" started-at="2026-03-28T13:43:36 PDT" name="tearDown" finished-at="2026-03-28T13:43:36 PDT" duration-ms="143" status="PASS">
          <reporter-output>
          </reporter-output>
        </test-method> <!-- tearDown -->
      </class> <!-- tests.Test_Valid_Login -->
      <class name="tests.Test_Invalid_Login">
        <test-method is-config="true" signature="init_Driver(java.lang.String)[pri:0, instance:tests.Test_Invalid_Login@67d48005]" started-at="2026-03-28T13:43:26 PDT" name="init_Driver" finished-at="2026-03-28T13:43:27 PDT" duration-ms="1421" status="PASS">
          <params>
            <param index="0">
              <value>
                <![CDATA[chrome]]>
              </value>
            </param>
          </params>
          <reporter-output>
          </reporter-output>
        </test-method> <!-- init_Driver -->
        <test-method signature="test_invalid_login(java.lang.String,java.lang.String,java.lang.String)[pri:0, instance:tests.Test_Invalid_Login@67d48005]" started-at="2026-03-28T13:43:27 PDT" name="test_invalid_login" data-provider="invalid_login" finished-at="2026-03-28T13:43:30 PDT" duration-ms="2545" status="PASS">
          <params>
            <param index="0">
              <value>
                <![CDATA[incorrectUser]]>
              </value>
            </param>
            <param index="1">
              <value>
                <![CDATA[Password123]]>
              </value>
            </param>
            <param index="2">
              <value>
                <![CDATA[Your username is invalid!]]>
              </value>
            </param>
          </params>
          <reporter-output>
          </reporter-output>
        </test-method> <!-- test_invalid_login -->
        <test-method signature="test_invalid_login(java.lang.String,java.lang.String,java.lang.String)[pri:0, instance:tests.Test_Invalid_Login@67d48005]" started-at="2026-03-28T13:43:30 PDT" name="test_invalid_login" data-provider="invalid_login" finished-at="2026-03-28T13:43:31 PDT" duration-ms="1117" status="PASS">
          <params>
            <param index="0">
              <value>
                <![CDATA[student]]>
              </value>
            </param>
            <param index="1">
              <value>
                <![CDATA[incorrectPassword]]>
              </value>
            </param>
            <param index="2">
              <value>
                <![CDATA[Your password is invalid!]]>
              </value>
            </param>
          </params>
          <reporter-output>
          </reporter-output>
        </test-method> <!-- test_invalid_login -->
        <test-method is-config="true" signature="tearDown()[pri:0, instance:tests.Test_Invalid_Login@67d48005]" started-at="2026-03-28T13:43:31 PDT" name="tearDown" finished-at="2026-03-28T13:43:31 PDT" duration-ms="183" status="PASS">
          <reporter-output>
          </reporter-output>
        </test-method> <!-- tearDown -->
      </class> <!-- tests.Test_Invalid_Login -->
      <class name="tests.Test_Combined_Filter">
        <test-method is-config="true" signature="init_Driver(java.lang.String)[pri:0, instance:tests.Test_Combined_Filter@52bf72b5]" started-at="2026-03-28T13:43:48 PDT" name="init_Driver" finished-at="2026-03-28T13:43:49 PDT" duration-ms="1034" status="PASS">
          <params>
            <param index="0">
              <value>
                <![CDATA[chrome]]>
              </value>
            </param>
          </params>
          <reporter-output>
          </reporter-output>
        </test-method> <!-- init_Driver -->
        <test-method signature="test_Combined_Filter()[pri:0, instance:tests.Test_Combined_Filter@52bf72b5]" started-at="2026-03-28T13:43:49 PDT" name="test_Combined_Filter" finished-at="2026-03-28T13:43:52 PDT" duration-ms="2981" status="PASS">
          <reporter-output>
          </reporter-output>
        </test-method> <!-- test_Combined_Filter -->
        <test-method is-config="true" signature="tearDown()[pri:0, instance:tests.Test_Combined_Filter@52bf72b5]" started-at="2026-03-28T13:43:52 PDT" name="tearDown" finished-at="2026-03-28T13:43:52 PDT" duration-ms="134" status="PASS">
          <reporter-output>
          </reporter-output>
        </test-method> <!-- tearDown -->
      </class> <!-- tests.Test_Combined_Filter -->
      <class name="tests.Test_Table_Sort_Filter">
        <test-method is-config="true" signature="init_Driver(java.lang.String)[pri:0, instance:tests.Test_Table_Sort_Filter@dd8ba08]" started-at="2026-03-28T13:44:00 PDT" name="init_Driver" finished-at="2026-03-28T13:44:01 PDT" duration-ms="1034" status="PASS">
          <params>
            <param index="0">
              <value>
                <![CDATA[chrome]]>
              </value>
            </param>
          </params>
          <reporter-output>
          </reporter-output>
        </test-method> <!-- init_Driver -->
        <test-method signature="test_sort_CourseName()[pri:0, instance:tests.Test_Table_Sort_Filter@dd8ba08]" started-at="2026-03-28T13:44:01 PDT" name="test_sort_CourseName" finished-at="2026-03-28T13:44:04 PDT" duration-ms="2849" status="PASS">
          <reporter-output>
          </reporter-output>
        </test-method> <!-- test_sort_CourseName -->
        <test-method signature="test_sort_enrollments()[pri:0, instance:tests.Test_Table_Sort_Filter@dd8ba08]" started-at="2026-03-28T13:44:04 PDT" name="test_sort_enrollments" finished-at="2026-03-28T13:44:05 PDT" duration-ms="786" status="PASS">
          <reporter-output>
          </reporter-output>
        </test-method> <!-- test_sort_enrollments -->
        <test-method is-config="true" signature="tearDown()[pri:0, instance:tests.Test_Table_Sort_Filter@dd8ba08]" started-at="2026-03-28T13:44:05 PDT" name="tearDown" finished-at="2026-03-28T13:44:05 PDT" duration-ms="176" status="PASS">
          <reporter-output>
          </reporter-output>
        </test-method> <!-- tearDown -->
      </class> <!-- tests.Test_Table_Sort_Filter -->
      <class name="tests.Test_Reset_Button">
        <test-method is-config="true" signature="init_Driver(java.lang.String)[pri:0, instance:tests.Test_Reset_Button@515aebb0]" started-at="2026-03-28T13:43:56 PDT" name="init_Driver" finished-at="2026-03-28T13:43:57 PDT" duration-ms="1034" status="PASS">
          <params>
            <param index="0">
              <value>
                <![CDATA[chrome]]>
              </value>
            </param>
          </params>
          <reporter-output>
          </reporter-output>
        </test-method> <!-- init_Driver -->
        <test-method signature="test_reset_button()[pri:0, instance:tests.Test_Reset_Button@515aebb0]" started-at="2026-03-28T13:43:57 PDT" name="test_reset_button" finished-at="2026-03-28T13:44:00 PDT" duration-ms="3247" status="PASS">
          <reporter-output>
          </reporter-output>
        </test-method> <!-- test_reset_button -->
        <test-method is-config="true" signature="tearDown()[pri:0, instance:tests.Test_Reset_Button@515aebb0]" started-at="2026-03-28T13:44:00 PDT" name="tearDown" finished-at="2026-03-28T13:44:00 PDT" duration-ms="182" status="PASS">
          <reporter-output>
          </reporter-output>
        </test-method> <!-- tearDown -->
      </class> <!-- tests.Test_Reset_Button -->
      <class name="tests.Test_Table_LanguageFilter">
        <test-method is-config="true" signature="init_Driver(java.lang.String)[pri:0, instance:tests.Test_Table_LanguageFilter@2a798d51]" started-at="2026-03-28T13:43:40 PDT" name="init_Driver" finished-at="2026-03-28T13:43:41 PDT" duration-ms="1048" status="PASS">
          <params>
            <param index="0">
              <value>
                <![CDATA[chrome]]>
              </value>
            </param>
          </params>
          <reporter-output>
          </reporter-output>
        </test-method> <!-- init_Driver -->
        <test-method signature="test_LanguageFilter()[pri:0, instance:tests.Test_Table_LanguageFilter@2a798d51]" started-at="2026-03-28T13:43:41 PDT" name="test_LanguageFilter" finished-at="2026-03-28T13:43:44 PDT" duration-ms="2864" status="PASS">
          <reporter-output>
          </reporter-output>
        </test-method> <!-- test_LanguageFilter -->
        <test-method is-config="true" signature="tearDown()[pri:0, instance:tests.Test_Table_LanguageFilter@2a798d51]" started-at="2026-03-28T13:43:44 PDT" name="tearDown" finished-at="2026-03-28T13:43:44 PDT" duration-ms="164" status="PASS">
          <reporter-output>
          </reporter-output>
        </test-method> <!-- tearDown -->
      </class> <!-- tests.Test_Table_LanguageFilter -->
      <class name="tests.Test_Table_LevelFilter">
        <test-method is-config="true" signature="init_Driver(java.lang.String)[pri:0, instance:tests.Test_Table_LevelFilter@6b81ce95]" started-at="2026-03-28T13:43:36 PDT" name="init_Driver" finished-at="2026-03-28T13:43:37 PDT" duration-ms="1052" status="PASS">
          <params>
            <param index="0">
              <value>
                <![CDATA[chrome]]>
              </value>
            </param>
          </params>
          <reporter-output>
          </reporter-output>
        </test-method> <!-- init_Driver -->
        <test-method signature="test_Table_Filter()[pri:0, instance:tests.Test_Table_LevelFilter@6b81ce95]" started-at="2026-03-28T13:43:37 PDT" name="test_Table_Filter" finished-at="2026-03-28T13:43:40 PDT" duration-ms="2796" status="PASS">
          <reporter-output>
          </reporter-output>
        </test-method> <!-- test_Table_Filter -->
        <test-method is-config="true" signature="tearDown()[pri:0, instance:tests.Test_Table_LevelFilter@6b81ce95]" started-at="2026-03-28T13:43:40 PDT" name="tearDown" finished-at="2026-03-28T13:43:40 PDT" duration-ms="181" status="PASS">
          <reporter-output>
          </reporter-output>
        </test-method> <!-- tearDown -->
      </class> <!-- tests.Test_Table_LevelFilter -->
    </test> <!-- chrome -->
    <test started-at="2026-03-28T13:44:05 PDT" name="firefox" finished-at="2026-03-28T13:45:13 PDT" duration-ms="68273">
      <class name="tests.Test_Table_NoData">
        <test-method is-config="true" signature="init_Driver(java.lang.String)[pri:0, instance:tests.Test_Table_NoData@f6efaab]" started-at="2026-03-28T13:44:50 PDT" name="init_Driver" finished-at="2026-03-28T13:44:53 PDT" duration-ms="3011" status="PASS">
          <params>
            <param index="0">
              <value>
                <![CDATA[firefox]]>
              </value>
            </param>
          </params>
          <reporter-output>
          </reporter-output>
        </test-method> <!-- init_Driver -->
        <test-method signature="test_noData()[pri:0, instance:tests.Test_Table_NoData@f6efaab]" started-at="2026-03-28T13:44:53 PDT" name="test_noData" finished-at="2026-03-28T13:44:57 PDT" duration-ms="3568" status="PASS">
          <reporter-output>
          </reporter-output>
        </test-method> <!-- test_noData -->
        <test-method is-config="true" signature="tearDown()[pri:0, instance:tests.Test_Table_NoData@f6efaab]" started-at="2026-03-28T13:44:57 PDT" name="tearDown" finished-at="2026-03-28T13:44:57 PDT" duration-ms="842" status="PASS">
          <reporter-output>
          </reporter-output>
        </test-method> <!-- tearDown -->
      </class> <!-- tests.Test_Table_NoData -->
      <class name="tests.Test_Min_Enrollments">
        <test-method is-config="true" signature="init_Driver(java.lang.String)[pri:0, instance:tests.Test_Min_Enrollments@1283bb96]" started-at="2026-03-28T13:44:35 PDT" name="init_Driver" finished-at="2026-03-28T13:44:38 PDT" duration-ms="2940" status="PASS">
          <params>
            <param index="0">
              <value>
                <![CDATA[firefox]]>
              </value>
            </param>
          </params>
          <reporter-output>
          </reporter-output>
        </test-method> <!-- init_Driver -->
        <test-method signature="test_Min_Enrollments()[pri:0, instance:tests.Test_Min_Enrollments@1283bb96]" started-at="2026-03-28T13:44:38 PDT" name="test_Min_Enrollments" finished-at="2026-03-28T13:44:41 PDT" duration-ms="3741" status="PASS">
          <reporter-output>
          </reporter-output>
        </test-method> <!-- test_Min_Enrollments -->
        <test-method is-config="true" signature="tearDown()[pri:0, instance:tests.Test_Min_Enrollments@1283bb96]" started-at="2026-03-28T13:44:41 PDT" name="tearDown" finished-at="2026-03-28T13:44:42 PDT" duration-ms="855" status="PASS">
          <reporter-output>
          </reporter-output>
        </test-method> <!-- tearDown -->
      </class> <!-- tests.Test_Min_Enrollments -->
      <class name="tests.Test_Valid_Login">
        <test-method is-config="true" signature="init_Driver(java.lang.String)[pri:0, instance:tests.Test_Valid_Login@42a48628]" started-at="2026-03-28T13:44:12 PDT" name="init_Driver" finished-at="2026-03-28T13:44:15 PDT" duration-ms="2927" status="PASS">
          <params>
            <param index="0">
              <value>
                <![CDATA[firefox]]>
              </value>
            </param>
          </params>
          <reporter-output>
          </reporter-output>
        </test-method> <!-- init_Driver -->
        <test-method signature="test_valid_login(java.lang.String,java.lang.String,java.lang.String)[pri:0, instance:tests.Test_Valid_Login@42a48628]" started-at="2026-03-28T13:44:15 PDT" name="test_valid_login" data-provider="valid_login" finished-at="2026-03-28T13:44:19 PDT" duration-ms="3942" status="PASS">
          <params>
            <param index="0">
              <value>
                <![CDATA[student]]>
              </value>
            </param>
            <param index="1">
              <value>
                <![CDATA[Password123]]>
              </value>
            </param>
            <param index="2">
              <value>
                <![CDATA[Congratulations]]>
              </value>
            </param>
          </params>
          <reporter-output>
          </reporter-output>
        </test-method> <!-- test_valid_login -->
        <test-method is-config="true" signature="tearDown()[pri:0, instance:tests.Test_Valid_Login@42a48628]" started-at="2026-03-28T13:44:19 PDT" name="tearDown" finished-at="2026-03-28T13:44:20 PDT" duration-ms="838" status="PASS">
          <reporter-output>
          </reporter-output>
        </test-method> <!-- tearDown -->
      </class> <!-- tests.Test_Valid_Login -->
      <class name="tests.Test_Invalid_Login">
        <test-method is-config="true" signature="init_Driver(java.lang.String)[pri:0, instance:tests.Test_Invalid_Login@130d63be]" started-at="2026-03-28T13:44:05 PDT" name="init_Driver" finished-at="2026-03-28T13:44:08 PDT" duration-ms="2998" status="PASS">
          <params>
            <param index="0">
              <value>
                <![CDATA[firefox]]>
              </value>
            </param>
          </params>
          <reporter-output>
          </reporter-output>
        </test-method> <!-- init_Driver -->
        <test-method signature="test_invalid_login(java.lang.String,java.lang.String,java.lang.String)[pri:0, instance:tests.Test_Invalid_Login@130d63be]" started-at="2026-03-28T13:44:08 PDT" name="test_invalid_login" data-provider="invalid_login" finished-at="2026-03-28T13:44:11 PDT" duration-ms="2780" status="PASS">
          <params>
            <param index="0">
              <value>
                <![CDATA[incorrectUser]]>
              </value>
            </param>
            <param index="1">
              <value>
                <![CDATA[Password123]]>
              </value>
            </param>
            <param index="2">
              <value>
                <![CDATA[Your username is invalid!]]>
              </value>
            </param>
          </params>
          <reporter-output>
          </reporter-output>
        </test-method> <!-- test_invalid_login -->
        <test-method signature="test_invalid_login(java.lang.String,java.lang.String,java.lang.String)[pri:0, instance:tests.Test_Invalid_Login@130d63be]" started-at="2026-03-28T13:44:11 PDT" name="test_invalid_login" data-provider="invalid_login" finished-at="2026-03-28T13:44:11 PDT" duration-ms="495" status="PASS">
          <params>
            <param index="0">
              <value>
                <![CDATA[student]]>
              </value>
            </param>
            <param index="1">
              <value>
                <![CDATA[incorrectPassword]]>
              </value>
            </param>
            <param index="2">
              <value>
                <![CDATA[Your password is invalid!]]>
              </value>
            </param>
          </params>
          <reporter-output>
          </reporter-output>
        </test-method> <!-- test_invalid_login -->
        <test-method is-config="true" signature="tearDown()[pri:0, instance:tests.Test_Invalid_Login@130d63be]" started-at="2026-03-28T13:44:11 PDT" name="tearDown" finished-at="2026-03-28T13:44:12 PDT" duration-ms="848" status="PASS">
          <reporter-output>
          </reporter-output>
        </test-method> <!-- tearDown -->
      </class> <!-- tests.Test_Invalid_Login -->
      <class name="tests.Test_Combined_Filter">
        <test-method is-config="true" signature="init_Driver(java.lang.String)[pri:0, instance:tests.Test_Combined_Filter@74f0ea28]" started-at="2026-03-28T13:44:42 PDT" name="init_Driver" finished-at="2026-03-28T13:44:45 PDT" duration-ms="3054" status="PASS">
          <params>
            <param index="0">
              <value>
                <![CDATA[firefox]]>
              </value>
            </param>
          </params>
          <reporter-output>
          </reporter-output>
        </test-method> <!-- init_Driver -->
        <test-method signature="test_Combined_Filter()[pri:0, instance:tests.Test_Combined_Filter@74f0ea28]" started-at="2026-03-28T13:44:45 PDT" name="test_Combined_Filter" finished-at="2026-03-28T13:44:49 PDT" duration-ms="3852" status="PASS">
          <reporter-output>
          </reporter-output>
        </test-method> <!-- test_Combined_Filter -->
        <test-method is-config="true" signature="tearDown()[pri:0, instance:tests.Test_Combined_Filter@74f0ea28]" started-at="2026-03-28T13:44:49 PDT" name="tearDown" finished-at="2026-03-28T13:44:50 PDT" duration-ms="855" status="PASS">
          <reporter-output>
          </reporter-output>
        </test-method> <!-- tearDown -->
      </class> <!-- tests.Test_Combined_Filter -->
      <class name="tests.Test_Table_Sort_Filter">
        <test-method is-config="true" signature="init_Driver(java.lang.String)[pri:0, instance:tests.Test_Table_Sort_Filter@3349e9bb]" started-at="2026-03-28T13:45:05 PDT" name="init_Driver" finished-at="2026-03-28T13:45:08 PDT" duration-ms="3036" status="PASS">
          <params>
            <param index="0">
              <value>
                <![CDATA[firefox]]>
              </value>
            </param>
          </params>
          <reporter-output>
          </reporter-output>
        </test-method> <!-- init_Driver -->
        <test-method signature="test_sort_CourseName()[pri:0, instance:tests.Test_Table_Sort_Filter@3349e9bb]" started-at="2026-03-28T13:45:08 PDT" name="test_sort_CourseName" finished-at="2026-03-28T13:45:12 PDT" duration-ms="3792" status="PASS">
          <reporter-output>
          </reporter-output>
        </test-method> <!-- test_sort_CourseName -->
        <test-method signature="test_sort_enrollments()[pri:0, instance:tests.Test_Table_Sort_Filter@3349e9bb]" started-at="2026-03-28T13:45:12 PDT" name="test_sort_enrollments" finished-at="2026-03-28T13:45:13 PDT" duration-ms="775" status="PASS">
          <reporter-output>
          </reporter-output>
        </test-method> <!-- test_sort_enrollments -->
        <test-method is-config="true" signature="tearDown()[pri:0, instance:tests.Test_Table_Sort_Filter@3349e9bb]" started-at="2026-03-28T13:45:13 PDT" name="tearDown" finished-at="2026-03-28T13:45:13 PDT" duration-ms="751" status="PASS">
          <reporter-output>
          </reporter-output>
        </test-method> <!-- tearDown -->
      </class> <!-- tests.Test_Table_Sort_Filter -->
      <class name="tests.Test_Reset_Button">
        <test-method is-config="true" signature="init_Driver(java.lang.String)[pri:0, instance:tests.Test_Reset_Button@3c19aaa5]" started-at="2026-03-28T13:44:57 PDT" name="init_Driver" finished-at="2026-03-28T13:45:01 PDT" duration-ms="3269" status="PASS">
          <params>
            <param index="0">
              <value>
                <![CDATA[firefox]]>
              </value>
            </param>
          </params>
          <reporter-output>
          </reporter-output>
        </test-method> <!-- init_Driver -->
        <test-method signature="test_reset_button()[pri:0, instance:tests.Test_Reset_Button@3c19aaa5]" started-at="2026-03-28T13:45:01 PDT" name="test_reset_button" finished-at="2026-03-28T13:45:04 PDT" duration-ms="3613" status="PASS">
          <reporter-output>
          </reporter-output>
        </test-method> <!-- test_reset_button -->
        <test-method is-config="true" signature="tearDown()[pri:0, instance:tests.Test_Reset_Button@3c19aaa5]" started-at="2026-03-28T13:45:04 PDT" name="tearDown" finished-at="2026-03-28T13:45:05 PDT" duration-ms="734" status="PASS">
          <reporter-output>
          </reporter-output>
        </test-method> <!-- tearDown -->
      </class> <!-- tests.Test_Reset_Button -->
      <class name="tests.Test_Table_LanguageFilter">
        <test-method is-config="true" signature="init_Driver(java.lang.String)[pri:0, instance:tests.Test_Table_LanguageFilter@6aeb35e6]" started-at="2026-03-28T13:44:27 PDT" name="init_Driver" finished-at="2026-03-28T13:44:30 PDT" duration-ms="2966" status="PASS">
          <params>
            <param index="0">
              <value>
                <![CDATA[firefox]]>
              </value>
            </param>
          </params>
          <reporter-output>
          </reporter-output>
        </test-method> <!-- init_Driver -->
        <test-method signature="test_LanguageFilter()[pri:0, instance:tests.Test_Table_LanguageFilter@6aeb35e6]" started-at="2026-03-28T13:44:30 PDT" name="test_LanguageFilter" finished-at="2026-03-28T13:44:34 PDT" duration-ms="3348" status="PASS">
          <reporter-output>
          </reporter-output>
        </test-method> <!-- test_LanguageFilter -->
        <test-method is-config="true" signature="tearDown()[pri:0, instance:tests.Test_Table_LanguageFilter@6aeb35e6]" started-at="2026-03-28T13:44:34 PDT" name="tearDown" finished-at="2026-03-28T13:44:35 PDT" duration-ms="842" status="PASS">
          <reporter-output>
          </reporter-output>
        </test-method> <!-- tearDown -->
      </class> <!-- tests.Test_Table_LanguageFilter -->
      <class name="tests.Test_Table_LevelFilter">
        <test-method is-config="true" signature="init_Driver(java.lang.String)[pri:0, instance:tests.Test_Table_LevelFilter@293a5bf6]" started-at="2026-03-28T13:44:20 PDT" name="init_Driver" finished-at="2026-03-28T13:44:23 PDT" duration-ms="2886" status="PASS">
          <params>
            <param index="0">
              <value>
                <![CDATA[firefox]]>
              </value>
            </param>
          </params>
          <reporter-output>
          </reporter-output>
        </test-method> <!-- init_Driver -->
        <test-method signature="test_Table_Filter()[pri:0, instance:tests.Test_Table_LevelFilter@293a5bf6]" started-at="2026-03-28T13:44:23 PDT" name="test_Table_Filter" finished-at="2026-03-28T13:44:27 PDT" duration-ms="3880" status="PASS">
          <reporter-output>
          </reporter-output>
        </test-method> <!-- test_Table_Filter -->
        <test-method is-config="true" signature="tearDown()[pri:0, instance:tests.Test_Table_LevelFilter@293a5bf6]" started-at="2026-03-28T13:44:27 PDT" name="tearDown" finished-at="2026-03-28T13:44:27 PDT" duration-ms="821" status="PASS">
          <reporter-output>
          </reporter-output>
        </test-method> <!-- tearDown -->
      </class> <!-- tests.Test_Table_LevelFilter -->
    </test> <!-- firefox -->
    <test started-at="2026-03-28T13:45:13 PDT" name="IE" finished-at="2026-03-28T13:45:53 PDT" duration-ms="39370">
      <class name="tests.Test_Table_NoData">
        <test-method is-config="true" signature="init_Driver(java.lang.String)[pri:0, instance:tests.Test_Table_NoData@689604d9]" started-at="2026-03-28T13:45:39 PDT" name="init_Driver" finished-at="2026-03-28T13:45:41 PDT" duration-ms="1119" status="PASS">
          <params>
            <param index="0">
              <value>
                <![CDATA[edge]]>
              </value>
            </param>
          </params>
          <reporter-output>
          </reporter-output>
        </test-method> <!-- init_Driver -->
        <test-method signature="test_noData()[pri:0, instance:tests.Test_Table_NoData@689604d9]" started-at="2026-03-28T13:45:41 PDT" name="test_noData" finished-at="2026-03-28T13:45:43 PDT" duration-ms="2699" status="PASS">
          <reporter-output>
          </reporter-output>
        </test-method> <!-- test_noData -->
        <test-method is-config="true" signature="tearDown()[pri:0, instance:tests.Test_Table_NoData@689604d9]" started-at="2026-03-28T13:45:43 PDT" name="tearDown" finished-at="2026-03-28T13:45:43 PDT" duration-ms="148" status="PASS">
          <reporter-output>
          </reporter-output>
        </test-method> <!-- tearDown -->
      </class> <!-- tests.Test_Table_NoData -->
      <class name="tests.Test_Min_Enrollments">
        <test-method is-config="true" signature="init_Driver(java.lang.String)[pri:0, instance:tests.Test_Min_Enrollments@55b699ef]" started-at="2026-03-28T13:45:31 PDT" name="init_Driver" finished-at="2026-03-28T13:45:32 PDT" duration-ms="1135" status="PASS">
          <params>
            <param index="0">
              <value>
                <![CDATA[edge]]>
              </value>
            </param>
          </params>
          <reporter-output>
          </reporter-output>
        </test-method> <!-- init_Driver -->
        <test-method signature="test_Min_Enrollments()[pri:0, instance:tests.Test_Min_Enrollments@55b699ef]" started-at="2026-03-28T13:45:32 PDT" name="test_Min_Enrollments" finished-at="2026-03-28T13:45:35 PDT" duration-ms="2665" status="PASS">
          <reporter-output>
          </reporter-output>
        </test-method> <!-- test_Min_Enrollments -->
        <test-method is-config="true" signature="tearDown()[pri:0, instance:tests.Test_Min_Enrollments@55b699ef]" started-at="2026-03-28T13:45:35 PDT" name="tearDown" finished-at="2026-03-28T13:45:35 PDT" duration-ms="140" status="PASS">
          <reporter-output>
          </reporter-output>
        </test-method> <!-- tearDown -->
      </class> <!-- tests.Test_Min_Enrollments -->
      <class name="tests.Test_Valid_Login">
        <test-method is-config="true" signature="init_Driver(java.lang.String)[pri:0, instance:tests.Test_Valid_Login@49e53c76]" started-at="2026-03-28T13:45:18 PDT" name="init_Driver" finished-at="2026-03-28T13:45:19 PDT" duration-ms="1153" status="PASS">
          <params>
            <param index="0">
              <value>
                <![CDATA[edge]]>
              </value>
            </param>
          </params>
          <reporter-output>
          </reporter-output>
        </test-method> <!-- init_Driver -->
        <test-method signature="test_valid_login(java.lang.String,java.lang.String,java.lang.String)[pri:0, instance:tests.Test_Valid_Login@49e53c76]" started-at="2026-03-28T13:45:19 PDT" name="test_valid_login" data-provider="valid_login" finished-at="2026-03-28T13:45:23 PDT" duration-ms="3171" status="PASS">
          <params>
            <param index="0">
              <value>
                <![CDATA[student]]>
              </value>
            </param>
            <param index="1">
              <value>
                <![CDATA[Password123]]>
              </value>
            </param>
            <param index="2">
              <value>
                <![CDATA[Congratulations]]>
              </value>
            </param>
          </params>
          <reporter-output>
          </reporter-output>
        </test-method> <!-- test_valid_login -->
        <test-method is-config="true" signature="tearDown()[pri:0, instance:tests.Test_Valid_Login@49e53c76]" started-at="2026-03-28T13:45:23 PDT" name="tearDown" finished-at="2026-03-28T13:45:23 PDT" duration-ms="199" status="PASS">
          <reporter-output>
          </reporter-output>
        </test-method> <!-- tearDown -->
      </class> <!-- tests.Test_Valid_Login -->
      <class name="tests.Test_Invalid_Login">
        <test-method is-config="true" signature="init_Driver(java.lang.String)[pri:0, instance:tests.Test_Invalid_Login@38d8f54a]" started-at="2026-03-28T13:45:13 PDT" name="init_Driver" finished-at="2026-03-28T13:45:15 PDT" duration-ms="1171" status="PASS">
          <params>
            <param index="0">
              <value>
                <![CDATA[edge]]>
              </value>
            </param>
          </params>
          <reporter-output>
          </reporter-output>
        </test-method> <!-- init_Driver -->
        <test-method signature="test_invalid_login(java.lang.String,java.lang.String,java.lang.String)[pri:0, instance:tests.Test_Invalid_Login@38d8f54a]" started-at="2026-03-28T13:45:15 PDT" name="test_invalid_login" data-provider="invalid_login" finished-at="2026-03-28T13:45:17 PDT" duration-ms="2513" status="PASS">
          <params>
            <param index="0">
              <value>
                <![CDATA[incorrectUser]]>
              </value>
            </param>
            <param index="1">
              <value>
                <![CDATA[Password123]]>
              </value>
            </param>
            <param index="2">
              <value>
                <![CDATA[Your username is invalid!]]>
              </value>
            </param>
          </params>
          <reporter-output>
          </reporter-output>
        </test-method> <!-- test_invalid_login -->
        <test-method signature="test_invalid_login(java.lang.String,java.lang.String,java.lang.String)[pri:0, instance:tests.Test_Invalid_Login@38d8f54a]" started-at="2026-03-28T13:45:17 PDT" name="test_invalid_login" data-provider="invalid_login" finished-at="2026-03-28T13:45:18 PDT" duration-ms="1051" status="PASS">
          <params>
            <param index="0">
              <value>
                <![CDATA[student]]>
              </value>
            </param>
            <param index="1">
              <value>
                <![CDATA[incorrectPassword]]>
              </value>
            </param>
            <param index="2">
              <value>
                <![CDATA[Your password is invalid!]]>
              </value>
            </param>
          </params>
          <reporter-output>
          </reporter-output>
        </test-method> <!-- test_invalid_login -->
        <test-method is-config="true" signature="tearDown()[pri:0, instance:tests.Test_Invalid_Login@38d8f54a]" started-at="2026-03-28T13:45:18 PDT" name="tearDown" finished-at="2026-03-28T13:45:18 PDT" duration-ms="220" status="PASS">
          <reporter-output>
          </reporter-output>
        </test-method> <!-- tearDown -->
      </class> <!-- tests.Test_Invalid_Login -->
      <class name="tests.Test_Combined_Filter">
        <test-method is-config="true" signature="init_Driver(java.lang.String)[pri:0, instance:tests.Test_Combined_Filter@35d019a3]" started-at="2026-03-28T13:45:35 PDT" name="init_Driver" finished-at="2026-03-28T13:45:36 PDT" duration-ms="1184" status="PASS">
          <params>
            <param index="0">
              <value>
                <![CDATA[edge]]>
              </value>
            </param>
          </params>
          <reporter-output>
          </reporter-output>
        </test-method> <!-- init_Driver -->
        <test-method signature="test_Combined_Filter()[pri:0, instance:tests.Test_Combined_Filter@35d019a3]" started-at="2026-03-28T13:45:36 PDT" name="test_Combined_Filter" finished-at="2026-03-28T13:45:39 PDT" duration-ms="2992" status="PASS">
          <reporter-output>
          </reporter-output>
        </test-method> <!-- test_Combined_Filter -->
        <test-method is-config="true" signature="tearDown()[pri:0, instance:tests.Test_Combined_Filter@35d019a3]" started-at="2026-03-28T13:45:39 PDT" name="tearDown" finished-at="2026-03-28T13:45:39 PDT" duration-ms="137" status="PASS">
          <reporter-output>
          </reporter-output>
        </test-method> <!-- tearDown -->
      </class> <!-- tests.Test_Combined_Filter -->
      <class name="tests.Test_Table_Sort_Filter">
        <test-method is-config="true" signature="init_Driver(java.lang.String)[pri:0, instance:tests.Test_Table_Sort_Filter@799f10e1]" started-at="2026-03-28T13:45:48 PDT" name="init_Driver" finished-at="2026-03-28T13:45:49 PDT" duration-ms="1119" status="PASS">
          <params>
            <param index="0">
              <value>
                <![CDATA[edge]]>
              </value>
            </param>
          </params>
          <reporter-output>
          </reporter-output>
        </test-method> <!-- init_Driver -->
        <test-method signature="test_sort_CourseName()[pri:0, instance:tests.Test_Table_Sort_Filter@799f10e1]" started-at="2026-03-28T13:45:49 PDT" name="test_sort_CourseName" finished-at="2026-03-28T13:45:52 PDT" duration-ms="3062" status="PASS">
          <reporter-output>
          </reporter-output>
        </test-method> <!-- test_sort_CourseName -->
        <test-method signature="test_sort_enrollments()[pri:0, instance:tests.Test_Table_Sort_Filter@799f10e1]" started-at="2026-03-28T13:45:52 PDT" name="test_sort_enrollments" finished-at="2026-03-28T13:45:53 PDT" duration-ms="797" status="PASS">
          <reporter-output>
          </reporter-output>
        </test-method> <!-- test_sort_enrollments -->
        <test-method is-config="true" signature="tearDown()[pri:0, instance:tests.Test_Table_Sort_Filter@799f10e1]" started-at="2026-03-28T13:45:53 PDT" name="tearDown" finished-at="2026-03-28T13:45:53 PDT" duration-ms="204" status="PASS">
          <reporter-output>
          </reporter-output>
        </test-method> <!-- tearDown -->
      </class> <!-- tests.Test_Table_Sort_Filter -->
      <class name="tests.Test_Reset_Button">
        <test-method is-config="true" signature="init_Driver(java.lang.String)[pri:0, instance:tests.Test_Reset_Button@18078bef]" started-at="2026-03-28T13:45:43 PDT" name="init_Driver" finished-at="2026-03-28T13:45:45 PDT" duration-ms="1182" status="PASS">
          <params>
            <param index="0">
              <value>
                <![CDATA[edge]]>
              </value>
            </param>
          </params>
          <reporter-output>
          </reporter-output>
        </test-method> <!-- init_Driver -->
        <test-method signature="test_reset_button()[pri:0, instance:tests.Test_Reset_Button@18078bef]" started-at="2026-03-28T13:45:45 PDT" name="test_reset_button" finished-at="2026-03-28T13:45:47 PDT" duration-ms="2761" status="PASS">
          <reporter-output>
          </reporter-output>
        </test-method> <!-- test_reset_button -->
        <test-method is-config="true" signature="tearDown()[pri:0, instance:tests.Test_Reset_Button@18078bef]" started-at="2026-03-28T13:45:47 PDT" name="tearDown" finished-at="2026-03-28T13:45:48 PDT" duration-ms="137" status="PASS">
          <reporter-output>
          </reporter-output>
        </test-method> <!-- tearDown -->
      </class> <!-- tests.Test_Reset_Button -->
      <class name="tests.Test_Table_LanguageFilter">
        <test-method is-config="true" signature="init_Driver(java.lang.String)[pri:0, instance:tests.Test_Table_LanguageFilter@2a3b5b47]" started-at="2026-03-28T13:45:27 PDT" name="init_Driver" finished-at="2026-03-28T13:45:28 PDT" duration-ms="1123" status="PASS">
          <params>
            <param index="0">
              <value>
                <![CDATA[edge]]>
              </value>
            </param>
          </params>
          <reporter-output>
          </reporter-output>
        </test-method> <!-- init_Driver -->
        <test-method signature="test_LanguageFilter()[pri:0, instance:tests.Test_Table_LanguageFilter@2a3b5b47]" started-at="2026-03-28T13:45:28 PDT" name="test_LanguageFilter" finished-at="2026-03-28T13:45:31 PDT" duration-ms="2694" status="PASS">
          <reporter-output>
          </reporter-output>
        </test-method> <!-- test_LanguageFilter -->
        <test-method is-config="true" signature="tearDown()[pri:0, instance:tests.Test_Table_LanguageFilter@2a3b5b47]" started-at="2026-03-28T13:45:31 PDT" name="tearDown" finished-at="2026-03-28T13:45:31 PDT" duration-ms="217" status="PASS">
          <reporter-output>
          </reporter-output>
        </test-method> <!-- tearDown -->
      </class> <!-- tests.Test_Table_LanguageFilter -->
      <class name="tests.Test_Table_LevelFilter">
        <test-method is-config="true" signature="init_Driver(java.lang.String)[pri:0, instance:tests.Test_Table_LevelFilter@351d00c0]" started-at="2026-03-28T13:45:23 PDT" name="init_Driver" finished-at="2026-03-28T13:45:24 PDT" duration-ms="1156" status="PASS">
          <params>
            <param index="0">
              <value>
                <![CDATA[edge]]>
              </value>
            </param>
          </params>
          <reporter-output>
          </reporter-output>
        </test-method> <!-- init_Driver -->
        <test-method signature="test_Table_Filter()[pri:0, instance:tests.Test_Table_LevelFilter@351d00c0]" started-at="2026-03-28T13:45:24 PDT" name="test_Table_Filter" finished-at="2026-03-28T13:45:27 PDT" duration-ms="3049" status="PASS">
          <reporter-output>
          </reporter-output>
        </test-method> <!-- test_Table_Filter -->
        <test-method is-config="true" signature="tearDown()[pri:0, instance:tests.Test_Table_LevelFilter@351d00c0]" started-at="2026-03-28T13:45:27 PDT" name="tearDown" finished-at="2026-03-28T13:45:27 PDT" duration-ms="147" status="PASS">
          <reporter-output>
          </reporter-output>
        </test-method> <!-- tearDown -->
      </class> <!-- tests.Test_Table_LevelFilter -->
    </test> <!-- IE -->
  </suite> <!-- Selenium Test Suite -->
</testng-results>
