<?xml version="1.0" encoding="UTF-8"?>
<!-- Generated by org.testng.reporters.JUnitReportReporter -->
<testsuite hostname="DESKTOP-DVIKAVI" failures="0" tests="3" name="tests.Test_Table_LanguageFilter" time="8.906" errors="0" timestamp="2026-03-28T13:45:53 PDT" skipped="0">
  <testcase classname="tests.Test_Table_LanguageFilter" name="test_LanguageFilter" time="2.694"/>
  <testcase classname="tests.Test_Table_LanguageFilter" name="test_LanguageFilter" time="2.864"/>
  <testcase classname="tests.Test_Table_LanguageFilter" name="test_LanguageFilter" time="3.348"/>
</testsuite> <!-- tests.Test_Table_LanguageFilter -->
