<?xml version="1.0" encoding="UTF-8"?>
<!-- Generated by org.testng.reporters.JUnitReportReporter -->
<testsuite hostname="DESKTOP-DVIKAVI" failures="0" tests="6" name="tests.Test_Invalid_Login" time="10.501" errors="0" timestamp="2026-03-28T13:45:53 PDT" skipped="0">
  <testcase classname="tests.Test_Invalid_Login" name="test_invalid_login" time="1.117"/>
  <testcase classname="tests.Test_Invalid_Login" name="test_invalid_login" time="0.495"/>
  <testcase classname="tests.Test_Invalid_Login" name="test_invalid_login" time="1.051"/>
  <testcase classname="tests.Test_Invalid_Login" name="test_invalid_login" time="2.780"/>
  <testcase classname="tests.Test_Invalid_Login" name="test_invalid_login" time="2.545"/>
  <testcase classname="tests.Test_Invalid_Login" name="test_invalid_login" time="2.513"/>
</testsuite> <!-- tests.Test_Invalid_Login -->
