<?xml version="1.0" encoding="UTF-8"?>
<!-- Generated by org.testng.reporters.JUnitReportReporter -->
<testsuite hostname="DESKTOP-DVIKAVI" failures="0" tests="3" name="tests.Test_Combined_Filter" time="9.825" errors="0" timestamp="2026-03-28T13:45:53 PDT" skipped="0">
  <testcase classname="tests.Test_Combined_Filter" name="test_Combined_Filter" time="2.981"/>
  <testcase classname="tests.Test_Combined_Filter" name="test_Combined_Filter" time="3.852"/>
  <testcase classname="tests.Test_Combined_Filter" name="test_Combined_Filter" time="2.992"/>
</testsuite> <!-- tests.Test_Combined_Filter -->
