<?xml version="1.0" encoding="UTF-8"?>
<!-- Generated by org.testng.reporters.JUnitReportReporter -->
<testsuite hostname="DESKTOP-DVIKAVI" failures="0" tests="3" name="tests.Test_Valid_Login" time="10.285" errors="0" timestamp="2026-03-28T13:45:53 PDT" skipped="0">
  <testcase classname="tests.Test_Valid_Login" name="test_valid_login" time="3.172"/>
  <testcase classname="tests.Test_Valid_Login" name="test_valid_login" time="3.942"/>
  <testcase classname="tests.Test_Valid_Login" name="test_valid_login" time="3.171"/>
</testsuite> <!-- tests.Test_Valid_Login -->
