<?xml version="1.0" encoding="UTF-8"?>
<!-- Generated by org.testng.reporters.JUnitReportReporter -->
<testsuite hostname="DESKTOP-DVIKAVI" failures="0" tests="3" name="tests.Test_Reset_Button" time="9.621" errors="0" timestamp="2026-03-28T13:45:53 PDT" skipped="0">
  <testcase classname="tests.Test_Reset_Button" name="test_reset_button" time="3.247"/>
  <testcase classname="tests.Test_Reset_Button" name="test_reset_button" time="2.761"/>
  <testcase classname="tests.Test_Reset_Button" name="test_reset_button" time="3.613"/>
</testsuite> <!-- tests.Test_Reset_Button -->
