<?xml version="1.0" encoding="UTF-8"?>
<!-- Generated by org.testng.reporters.JUnitReportReporter -->
<testsuite hostname="DESKTOP-DVIKAVI" failures="0" tests="3" name="tests.Test_Table_LevelFilter" time="9.725" errors="0" timestamp="2026-03-28T13:45:53 PDT" skipped="0">
  <testcase classname="tests.Test_Table_LevelFilter" name="test_Table_Filter" time="3.049"/>
  <testcase classname="tests.Test_Table_LevelFilter" name="test_Table_Filter" time="3.880"/>
  <testcase classname="tests.Test_Table_LevelFilter" name="test_Table_Filter" time="2.796"/>
</testsuite> <!-- tests.Test_Table_LevelFilter -->
