<?xml version="1.0" encoding="UTF-8"?>
<!-- Generated by org.testng.reporters.JUnitReportReporter -->
<testsuite hostname="DESKTOP-DVIKAVI" failures="0" tests="3" name="tests.Test_Table_NoData" time="8.963" errors="0" timestamp="2026-03-28T13:45:53 PDT" skipped="0">
  <testcase classname="tests.Test_Table_NoData" name="test_noData" time="2.696"/>
  <testcase classname="tests.Test_Table_NoData" name="test_noData" time="2.699"/>
  <testcase classname="tests.Test_Table_NoData" name="test_noData" time="3.568"/>
</testsuite> <!-- tests.Test_Table_NoData -->
