<?xml version="1.0" encoding="UTF-8"?>
<!-- Generated by org.testng.reporters.JUnitReportReporter -->
<testsuite hostname="DESKTOP-DVIKAVI" failures="0" tests="6" name="tests.Test_Table_Sort_Filter" time="12.061" errors="0" timestamp="2026-03-28T13:45:53 PDT" skipped="0">
  <testcase classname="tests.Test_Table_Sort_Filter" name="test_sort_CourseName" time="2.849"/>
  <testcase classname="tests.Test_Table_Sort_Filter" name="test_sort_enrollments" time="0.786"/>
  <testcase classname="tests.Test_Table_Sort_Filter" name="test_sort_enrollments" time="0.775"/>
  <testcase classname="tests.Test_Table_Sort_Filter" name="test_sort_CourseName" time="3.792"/>
  <testcase classname="tests.Test_Table_Sort_Filter" name="test_sort_enrollments" time="0.797"/>
  <testcase classname="tests.Test_Table_Sort_Filter" name="test_sort_CourseName" time="3.062"/>
</testsuite> <!-- tests.Test_Table_Sort_Filter -->
