<?xml version="1.0" encoding="UTF-8"?>
<!-- Generated by org.testng.reporters.JUnitXMLReporter -->
<testsuite ignored="0" hostname="DESKTOP-DVIKAVI" failures="0" tests="11" name="chrome" time="39.021" errors="0" timestamp="2026-03-28T13:44:05 PDT">
  <testcase classname="tests.Test_Invalid_Login" name="test_invalid_login" time="2.545"/>
  <testcase classname="tests.Test_Invalid_Login" name="test_invalid_login" time="1.117"/>
  <testcase classname="tests.Test_Valid_Login" name="test_valid_login" time="3.172"/>
  <testcase classname="tests.Test_Table_LevelFilter" name="test_Table_Filter" time="2.796"/>
  <testcase classname="tests.Test_Table_LanguageFilter" name="test_LanguageFilter" time="2.864"/>
  <testcase classname="tests.Test_Min_Enrollments" name="test_Min_Enrollments" time="2.616"/>
  <testcase classname="tests.Test_Combined_Filter" name="test_Combined_Filter" time="2.981"/>
  <testcase classname="tests.Test_Table_NoData" name="test_noData" time="2.696"/>
  <testcase classname="tests.Test_Reset_Button" name="test_reset_button" time="3.247"/>
  <testcase classname="tests.Test_Table_Sort_Filter" name="test_sort_CourseName" time="2.849"/>
  <testcase classname="tests.Test_Table_Sort_Filter" name="test_sort_enrollments" time="0.786"/>
</testsuite> <!-- chrome -->
