<?xml version="1.0" encoding="UTF-8"?>
<!-- Generated by org.testng.reporters.JUnitXMLReporter -->
<testsuite ignored="0" hostname="DESKTOP-DVIKAVI" failures="0" tests="11" name="firefox" time="68.273" errors="0" timestamp="2026-03-28T13:45:13 PDT">
  <testcase classname="tests.Test_Invalid_Login" name="test_invalid_login" time="2.78"/>
  <testcase classname="tests.Test_Invalid_Login" name="test_invalid_login" time="0.495"/>
  <testcase classname="tests.Test_Valid_Login" name="test_valid_login" time="3.942"/>
  <testcase classname="tests.Test_Table_LevelFilter" name="test_Table_Filter" time="3.88"/>
  <testcase classname="tests.Test_Table_LanguageFilter" name="test_LanguageFilter" time="3.348"/>
  <testcase classname="tests.Test_Min_Enrollments" name="test_Min_Enrollments" time="3.741"/>
  <testcase classname="tests.Test_Combined_Filter" name="test_Combined_Filter" time="3.852"/>
  <testcase classname="tests.Test_Table_NoData" name="test_noData" time="3.568"/>
  <testcase classname="tests.Test_Reset_Button" name="test_reset_button" time="3.613"/>
  <testcase classname="tests.Test_Table_Sort_Filter" name="test_sort_CourseName" time="3.792"/>
  <testcase classname="tests.Test_Table_Sort_Filter" name="test_sort_enrollments" time="0.775"/>
</testsuite> <!-- firefox -->
